###############################################################################
#
# IAR C/C++ Compiler V2.10.4.157 for STM8                 28/Apr/2019  15:24:14
# Copyright 2010-2015 IAR Systems AB.
#
#    Source file  =  E:\PETPOSITION\KN2000(01)\KAC(3A)_MainDir\OverTimeQueue.c
#    Command line =  
#        "E:\PETPOSITION\KN2000(01)\KAC(3A)_MainDir\OverTimeQueue.c" -e
#        --char_is_signed -On --no_cse --no_unroll --no_inline --no_code_motion
#        --no_tbaa --no_cross_call --debug --code_model medium --data_model
#        medium -o
#        "E:\PETPOSITION\KN2000(01)\KAC(3A)_MainDir\Project\Debug\Obj\"
#        --dlib_config "C:\Program Files\IAR Systems\Embedded Workbench
#        7.0\stm8\LIB\dlstm8mmf.h" -lcN
#        "E:\PETPOSITION\KN2000(01)\KAC(3A)_MainDir\Project\Debug\List\" -lb
#        "E:\PETPOSITION\KN2000(01)\KAC(3A)_MainDir\Project\Debug\List\" -I
#        "E:\PETPOSITION\KN2000(01)\KAC(3A)_MainDir\" -I
#        "E:\PETPOSITION\KN2000(01)\KAC(3A)_libSystem\Libraries\STM8L15x_StdPeriph_Driver\inc\"
#        --vregs 16
#    List file    =  
#        E:\PETPOSITION\KN2000(01)\KAC(3A)_MainDir\Project\Debug\List\OverTimeQueue.lst
#    Object file  =  
#        E:\PETPOSITION\KN2000(01)\KAC(3A)_MainDir\Project\Debug\Obj\OverTimeQueue.o
#
###############################################################################

E:\PETPOSITION\KN2000(01)\KAC(3A)_MainDir\OverTimeQueue.c
      1          #include <stdio.h>
      2          #include <stdlib.h>
      3          #include "string.h"
      4          #include "sysdefs.h"
      5          #include "OverTimeQueue.h"
      6          #include "EventQueue.h"
      7          #include "uart1.h"
      8          
      9          OVERTIMEOUT OverTimeOut[OVERTIMEQUEUE_NUM];
     10          extern uint8 EventQueueLock;
     11          
     12          void IniOverTime(void)
     13          {
     14          	uint8 i;
     15          	for (i=0;i<OVERTIMEQUEUE_NUM;i++)
     16              {
     17          		OverTimeOut[i].timeValue=0;
     18          		OverTimeOut[i].type=EVENT_ID_MAX;
     19          	}
     20          }
     21          
     22          uint8 FillOverTimeQueue(EVENT_ID_T type,uint16 OverTime,int line)
     23          {
     24          	uint8 i;
     25              
     26          	for (i=0;i<OVERTIMEQUEUE_NUM;i++)
     27              {
     28          		if (OverTimeOut[i].type==type)
     29          		{
     30          		  OverTimeOut[i].timeValue=OverTime;
     31          
     32          		  EventQueueLock=1;
     33          		  EventQueueLock=0;
     34          
     35          
     36          		  return 1;
     37          		}
     38          	}
     39          
     40          	for (i=0;i<OVERTIMEQUEUE_NUM;i++)
     41          	{
     42          		if (OverTimeOut[i].timeValue==0)
     43          		{
     44          			OverTimeOut[i].type=type;
     45          			OverTimeOut[i].timeValue=OverTime;
     46          			EventQueueLock=1;
     47          
     48          			EventQueueLock=0;
     49          
     50          			return 1;
     51          		}
     52          	}
     53          
     54          	EventQueueLock=1;
     55          
     56          	EventQueueLock=0;
     57          
     58          	return 0;
     59          	
     60          }
     61          
     62          
     63          
     64          
     65          
     66          void  DecOverTime(void)
     67          {
     68          	uint8 i;
     69          
     70          	for (i=0;i<OVERTIMEQUEUE_NUM;i++)
     71          	{
     72          		if (OverTimeOut[i].timeValue !=0)
     73          		{
     74          			OverTimeOut[i].timeValue--;
     75          			if (OverTimeOut[i].timeValue ==0)
     76          			{
     77          				FillEventQueue(OverTimeOut[i].type,0,0);
     78          			}
     79          		}
     80          	}
     81          	
     82          }
     83          
     84          
     85          
     86          
     87          
     88          
     89          
     90          
     91          
     92          
     93          
     94          
     95          
     96          
     97          
     98          
     99          
    100          
    101          
    102          
    103          

   Section sizes:

   Bytes  Function/Label
   -----  --------------
     154  DecOverTime
     201  FillOverTimeQueue
      61  IniOverTime
      56  OverTimeOut

 
 416 bytes in section .far_func.text
  56 bytes in section .near.bss
 
 416 bytes of CODE memory
  56 bytes of DATA memory

Errors: none
Warnings: none
